{
"contracts/dLottery.sol":{"l":{"48":3,"49":3,"50":3,"51":3,"52":3,"53":3,"57":2,"58":2,"59":0,"61":2,"67":5,"68":5,"69":5,"70":5,"71":5,"75":7,"76":1,"78":6,"79":1,"81":5,"82":5,"86":2,"87":2,"95":2,"103":0,"107":0,"108":0,"109":0,"112":0,"113":0,"114":0,"117":0,"122":1,"126":0,"130":8,"134":1,"138":0,"139":0,"140":0},"path":"/Users/fmpclt157/Documents/projects/solidity/dLottery/contracts/dLottery.sol","s":{"1":3,"2":3,"3":3,"4":3,"5":3,"6":3,"7":2,"8":2,"9":2,"10":5,"11":5,"12":5,"13":5,"14":5,"15":7,"16":6,"17":5,"18":5,"19":2,"20":2,"21":2,"22":0,"23":0,"24":0,"25":0,"26":0,"27":0,"28":0,"29":1,"30":0,"31":8,"32":1,"33":0,"34":0,"35":0},"b":{"1":[0,2],"2":[1,6],"3":[1,5],"4":[0,0]},"f":{"1":3,"2":2,"3":5,"4":7,"5":2,"6":0,"7":0,"8":1,"9":0,"10":8,"11":1,"12":0},"fnMap":{"1":{"name":"constructor","line":47,"loc":{"start":{"line":40,"column":4},"end":{"line":54,"column":4}}},"2":{"name":"performUpkeep","line":56,"loc":{"start":{"line":56,"column":4},"end":{"line":62,"column":4}}},"3":{"name":"checkUpkeep","line":64,"loc":{"start":{"line":64,"column":4},"end":{"line":72,"column":4}}},"4":{"name":"enterInLottery","line":74,"loc":{"start":{"line":74,"column":4},"end":{"line":83,"column":4}}},"5":{"name":"pickRandomWinner","line":85,"loc":{"start":{"line":85,"column":4},"end":{"line":96,"column":4}}},"6":{"name":"fulfillRandomWords","line":98,"loc":{"start":{"line":98,"column":4},"end":{"line":104,"column":4}}},"7":{"name":"selectWinner","line":106,"loc":{"start":{"line":106,"column":4},"end":{"line":118,"column":4}}},"8":{"name":"getPlayer","line":121,"loc":{"start":{"line":121,"column":4},"end":{"line":123,"column":4}}},"9":{"name":"getNumWords","line":125,"loc":{"start":{"line":125,"column":4},"end":{"line":127,"column":4}}},"10":{"name":"getInterval","line":129,"loc":{"start":{"line":129,"column":4},"end":{"line":131,"column":4}}},"11":{"name":"getLotteryState","line":133,"loc":{"start":{"line":133,"column":4},"end":{"line":135,"column":4}}},"12":{"name":"resetLottery","line":137,"loc":{"start":{"line":137,"column":4},"end":{"line":141,"column":4}}}},"statementMap":{"1":{"start":{"line":48,"column":8},"end":{"line":48,"column":34}},"2":{"start":{"line":49,"column":8},"end":{"line":49,"column":67}},"3":{"start":{"line":50,"column":8},"end":{"line":50,"column":26}},"4":{"start":{"line":51,"column":8},"end":{"line":51,"column":40}},"5":{"start":{"line":52,"column":8},"end":{"line":52,"column":44}},"6":{"start":{"line":53,"column":8},"end":{"line":53,"column":28}},"7":{"start":{"line":57,"column":8},"end":{"line":57,"column":47}},"8":{"start":{"line":58,"column":8},"end":{"line":58,"column":1962}},"9":{"start":{"line":61,"column":8},"end":{"line":61,"column":25}},"10":{"start":{"line":67,"column":8},"end":{"line":67,"column":57}},"11":{"start":{"line":68,"column":8},"end":{"line":68,"column":45}},"12":{"start":{"line":69,"column":8},"end":{"line":69,"column":50}},"13":{"start":{"line":70,"column":8},"end":{"line":70,"column":74}},"14":{"start":{"line":71,"column":8},"end":{"line":71,"column":70}},"15":{"start":{"line":75,"column":8},"end":{"line":75,"column":2572}},"16":{"start":{"line":78,"column":8},"end":{"line":78,"column":2668}},"17":{"start":{"line":81,"column":8},"end":{"line":81,"column":42}},"18":{"start":{"line":82,"column":8},"end":{"line":82,"column":39}},"19":{"start":{"line":86,"column":8},"end":{"line":86,"column":48}},"20":{"start":{"line":87,"column":8},"end":{"line":87,"column":2968}},"21":{"start":{"line":95,"column":8},"end":{"line":95,"column":43}},"22":{"start":{"line":103,"column":8},"end":{"line":103,"column":35}},"23":{"start":{"line":107,"column":8},"end":{"line":107,"column":59}},"24":{"start":{"line":108,"column":8},"end":{"line":108,"column":46}},"25":{"start":{"line":109,"column":8},"end":{"line":109,"column":3576}},"26":{"start":{"line":112,"column":8},"end":{"line":112,"column":21}},"27":{"start":{"line":113,"column":8},"end":{"line":113,"column":3705}},"28":{"start":{"line":117,"column":8},"end":{"line":117,"column":41}},"29":{"start":{"line":122,"column":8},"end":{"line":122,"column":31}},"30":{"start":{"line":126,"column":8},"end":{"line":126,"column":24}},"31":{"start":{"line":130,"column":8},"end":{"line":130,"column":25}},"32":{"start":{"line":134,"column":8},"end":{"line":134,"column":29}},"33":{"start":{"line":138,"column":8},"end":{"line":138,"column":41}},"34":{"start":{"line":139,"column":8},"end":{"line":139,"column":43}},"35":{"start":{"line":140,"column":8},"end":{"line":140,"column":40}}},"branchMap":{"1":{"line":58,"type":"if","locations":[{"start":{"line":58,"column":8},"end":{"line":58,"column":8}},{"start":{"line":58,"column":8},"end":{"line":58,"column":8}}]},"2":{"line":75,"type":"if","locations":[{"start":{"line":75,"column":8},"end":{"line":75,"column":8}},{"start":{"line":75,"column":8},"end":{"line":75,"column":8}}]},"3":{"line":78,"type":"if","locations":[{"start":{"line":78,"column":8},"end":{"line":78,"column":8}},{"start":{"line":78,"column":8},"end":{"line":78,"column":8}}]},"4":{"line":113,"type":"if","locations":[{"start":{"line":113,"column":8},"end":{"line":113,"column":8}},{"start":{"line":113,"column":8},"end":{"line":113,"column":8}}]}}},
"contracts/VRFCoordinatorV2Mock.sol":{"l":{},"path":"/Users/fmpclt157/Documents/projects/solidity/dLottery/contracts/VRFCoordinatorV2Mock.sol","s":{},"b":{},"f":{},"fnMap":{},"statementMap":{},"branchMap":{}}}
