TN:
SF:/Users/fmpclt157/Documents/projects/solidity/dLottery/contracts/dLottery.sol
FN:47,constructor
FN:56,performUpkeep
FN:64,checkUpkeep
FN:74,enterInLottery
FN:85,pickRandomWinner
FN:98,fulfillRandomWords
FN:106,selectWinner
FN:121,getPlayer
FN:125,getNumWords
FN:129,getInterval
FN:133,getLotteryState
FN:137,resetLottery
FNF:12
FNH:8
FNDA:3,constructor
FNDA:2,performUpkeep
FNDA:5,checkUpkeep
FNDA:7,enterInLottery
FNDA:2,pickRandomWinner
FNDA:0,fulfillRandomWords
FNDA:0,selectWinner
FNDA:1,getPlayer
FNDA:0,getNumWords
FNDA:8,getInterval
FNDA:1,getLotteryState
FNDA:0,resetLottery
DA:48,3
DA:49,3
DA:50,3
DA:51,3
DA:52,3
DA:53,3
DA:57,2
DA:58,2
DA:59,0
DA:61,2
DA:67,5
DA:68,5
DA:69,5
DA:70,5
DA:71,5
DA:75,7
DA:76,1
DA:78,6
DA:79,1
DA:81,5
DA:82,5
DA:86,2
DA:87,2
DA:95,2
DA:103,0
DA:107,0
DA:108,0
DA:109,0
DA:112,0
DA:113,0
DA:114,0
DA:117,0
DA:122,1
DA:126,0
DA:130,8
DA:134,1
DA:138,0
DA:139,0
DA:140,0
LF:39
LH:26
BRDA:58,1,0,0
BRDA:58,1,1,2
BRDA:75,2,0,1
BRDA:75,2,1,6
BRDA:78,3,0,1
BRDA:78,3,1,5
BRDA:113,4,0,0
BRDA:113,4,1,0
BRF:8
BRH:5
end_of_record
TN:
SF:/Users/fmpclt157/Documents/projects/solidity/dLottery/contracts/VRFCoordinatorV2Mock.sol
FNF:0
FNH:0
LF:0
LH:0
BRF:0
BRH:0
end_of_record
